<?xml version="1.0" encoding="UTF-8"?>
<!-- Generated by org.testng.reporters.JUnitReportReporter -->
<testsuite skipped="0" hostname="LAPTOP-KED48LAM" name="test.TestActitimeLogInAnnotation" tests="1" failures="0" timestamp="24 Sep 2020 18:40:22 GMT" time="21.282" errors="0">
  <testcase name="login" time="21.282" classname="test.TestActitimeLogInAnnotation"/>
</testsuite> <!-- test.TestActitimeLogInAnnotation -->
